<?xml version="1.0" encoding="UTF-8"?>
<!-- Generated by org.testng.reporters.JUnitReportReporter -->
<testsuite skipped="0" hostname="BDC8-DX-43RRX52" name="Testing" tests="1" failures="0" timestamp="17 Jul 2018 06:53:58 GMT" time="9.325" errors="0">
  <testcase name="testlogin" time="9.325" classname="Testing"/>
</testsuite> <!-- Testing -->
